{
  message: {
    ALLUSERSPROFILE: 'C:\\ProgramData',
    APPDATA: 'C:\\Users\\USER\\AppData\\Roaming',
    ChocolateyInstall: 'C:\\ProgramData\\chocolatey',
    ChocolateyLastPathUpdate: '132628719028040792',
    CHROME_CRASHPAD_PIPE_NAME: '\\\\.\\pipe\\crashpad_14796_UAJTSYHBCBAZIANG',
    COLORTERM: 'truecolor',
    COMMONPROGRAMFILES: 'C:\\Program Files\\Common Files',
    'CommonProgramFiles(x86)': 'C:\\Program Files (x86)\\Common Files',
    CommonProgramW6432: 'C:\\Program Files\\Common Files',
    COMPUTERNAME: 'DESKTOP-42FFPT6',
    COMSPEC: 'C:\\Windows\\system32\\cmd.exe',
    DATABASE_URL: 'mongodb+srv://university-admin:titliNtbPA5yH1aV@cluster0.tswamiu.mongodb.net/university-management?retryWrites=true&w=majority',
    DEFAULT_USER_PASS: 'university123!@',
    DriverData: 'C:\\Windows\\System32\\Drivers\\DriverData',
    EXEPATH: 'E:\\Git Scm\\Git\\bin',
    FPS_BROWSER_APP_PROFILE_STRING: 'Internet Explorer',
    FPS_BROWSER_USER_PROFILE_STRING: 'Default',
    GIT_ASKPASS: 'e:\\VSC\\Microsoft VS Code\\resources\\app\\extensions\\git\\dist\\askpass.sh',
    HOME: 'C:\\Users\\USER',
    HOMEDRIVE: 'C:',
    HOMEPATH: '\\Users\\USER',
    INIT_CWD: 'D:\\Next-Level-PH\\Milestone_3\\university-management-auth-service',
    LANG: 'en_US.UTF-8',
    LOCALAPPDATA: 'C:\\Users\\USER\\AppData\\Local',
    LOGONSERVER: '\\\\DESKTOP-42FFPT6',
    MEmu_Path: 'C:\\Program Files (x86)',
    MSYSTEM: 'MINGW64',
    NODE: 'E:\\Node\\node.exe',
    NODE_ENV: 'development',
    npm_config_argv: '{"remain":[],"cooked":["run","start"],"original":["start"]}',
    npm_config_bin_links: 'true',
    npm_config_ignore_optional: '',
    npm_config_ignore_scripts: '',
    npm_config_init_license: 'MIT',
    npm_config_init_version: '1.0.0',
    npm_config_registry: 'https://registry.yarnpkg.com',
    npm_config_save_prefix: '^',
    npm_config_strict_ssl: 'true',
    npm_config_user_agent: 'yarn/1.22.19 npm/? node/v18.16.0 win32 x64',
    npm_config_version_commit_hooks: 'true',
    npm_config_version_git_message: 'v%s',
    npm_config_version_git_sign: '',
    npm_config_version_git_tag: 'true',
    npm_config_version_tag_prefix: 'v',
    npm_execpath: 'C:\\Users\\USER\\AppData\\Roaming\\npm\\node_modules\\yarn\\bin\\yarn.js',
    npm_lifecycle_event: 'start',
    npm_lifecycle_script: 'ts-node-dev --respawn --transpile-only src/server.ts',
    npm_node_execpath: 'E:\\Node\\node.exe',
    npm_package_author_name: 'siam',
    npm_package_dependencies_cors: '^2.8.5',
    npm_package_dependencies_dotenv: '^16.0.3',
    npm_package_dependencies_eslint: '^8.41.0',
    npm_package_dependencies_express: '^4.18.2',
    npm_package_dependencies_http_status: '^1.6.2',
    npm_package_dependencies_mongoose: '^7.2.1',
    npm_package_dependencies_winston: '^3.9.0',
    npm_package_dependencies_winston_daily_rotate_file: '^4.7.1',
    npm_package_dependencies_zod: '^3.21.4',
    npm_package_dependencies__typescript_eslint_eslint_plugin: '^5.59.8',
    npm_package_dependencies__typescript_eslint_parser: '^5.59.8',
    npm_package_description: '',
    npm_package_devDependencies_eslint_config_prettier: '^8.8.0',
    npm_package_devDependencies_husky: '^8.0.3',
    npm_package_devDependencies_lint_staged: '^13.2.2',
    npm_package_devDependencies_prettier: '^2.8.8',
    npm_package_devDependencies_ts_node_dev: '^2.0.0',
    npm_package_devDependencies_typescript: '^5.0.4',
    npm_package_devDependencies__types_cors: '^2.8.13',
    npm_package_devDependencies__types_express: '^4.17.17',
    npm_package_license: 'ISC',
    npm_package_lint_staged_src______ts: 'yarn lint-prettier',
    npm_package_main: 'src/server.ts',
    npm_package_name: 'university-management-auth-service',
    npm_package_scripts_lint_check: 'eslint --ignore-path .eslintignore --ext .js,.ts .',
    npm_package_scripts_lint_fix: 'eslint . --fix',
    npm_package_scripts_lint_prettier: 'yarn lint:check && yarn prettier:check',
    npm_package_scripts_prettier_check: 'prettier --ignore-path .gitignore --write "**/*.+(js|ts|json)"',
    npm_package_scripts_prettier_fix: 'prettier --write .',
    npm_package_scripts_start: 'ts-node-dev --respawn --transpile-only src/server.ts',
    npm_package_scripts_test: 'echo "Error: no test specified" && exit 1',
    npm_package_version: '1.0.0',
    NUMBER_OF_PROCESSORS: '6',
    OneDrive: 'C:\\Users\\USER\\OneDrive',
    ORIGINAL_XDG_CURRENT_DESKTOP: 'undefined',
    OS: 'Windows_NT',
    PATH: 'C:\\Users\\USER\\AppData\\Local\\Temp\\yarn--1693636523891-0.09251425859805162;D:\\Next-Level-PH\\Milestone_3\\university-management-auth-service\\node_modules\\.bin;C:\\Users\\USER\\AppData\\Local\\Yarn\\Data\\link\\node_modules\\.bin;C:\\Users\\USER\\AppData\\Local\\Yarn\\bin;E:\\libexec\\lib\\node_modules\\npm\\bin\\node-gyp-bin;E:\\lib\\node_modules\\npm\\bin\\node-gyp-bin;E:\\Node\\node_modules\\npm\\bin\\node-gyp-bin;E:\\Git Scm\\Git\\mingw64\\bin;E:\\Git Scm\\Git\\usr\\bin;C:\\Users\\USER\\bin;E:\\VMware\\bin;C:\\Python39\\Scripts;C:\\Python39;C:\\Windows\\system32;C:\\Windows;C:\\Windows\\System32\\Wbem;C:\\Windows\\System32\\WindowsPowerShell\\v1.0;C:\\Windows\\System32\\OpenSSH;C:\\ProgramData\\chocolatey\\bin;C:\\Program Files\\Wolfram Research\\WolframScript;E:\\Git Scm\\Git\\cmd;E:\\Matlab\\bin;C:\\Program Files\\Docker\\Docker\\resources\\bin;E:\\Node;C:\\Program Files\\MongoDB\\Server\\6.0\\bin;C:\\Users\\USER\\AppData\\Local\\Microsoft\\WindowsApps;C:\\Program Files (x86)\\CodeBlocks\\MinGW\\bin;C:\\Program Files\\CodeBlocks\\MinGW\\bin;C:\\Users\\USER\\AppData\\Local\\atom\\bin;E:\\VSC\\Microsoft VS Code\\bin;C:\\Users\\USER\\AppData\\Local\\GitHubDesktop\\bin;E:\\Heroku\\bin;C:\\Users\\USER\\AppData\\Roaming\\npm',
    PATHEXT: '.COM;.EXE;.BAT;.CMD;.VBS;.VBE;.JSE;.WSF;.WSH;.MSC;.PY;.PYW',
    PLINK_PROTOCOL: 'ssh',
    PORT: '5000',
    PROCESSOR_ARCHITECTURE: 'AMD64',
    PROCESSOR_IDENTIFIER: 'AMD64 Family 23 Model 113 Stepping 0, AuthenticAMD',
    PROCESSOR_LEVEL: '23',
    PROCESSOR_REVISION: '7100',
    ProgramData: 'C:\\ProgramData',
    PROGRAMFILES: 'C:\\Program Files',
    'ProgramFiles(x86)': 'C:\\Program Files (x86)',
    ProgramW6432: 'C:\\Program Files',
    PROMPT: '$P$G',
    PSModulePath: 'C:\\Program Files\\WindowsPowerShell\\Modules;C:\\Windows\\system32\\WindowsPowerShell\\v1.0\\Modules',
    PUBLIC: 'C:\\Users\\Public',
    PWD: 'D:/Next-Level-PH/Milestone_3/university-management-auth-service',
    SESSIONNAME: 'Console',
    SHLVL: '2',
    SYSTEMDRIVE: 'C:',
    SYSTEMROOT: 'C:\\Windows',
    TEMP: 'C:\\Users\\USER\\AppData\\Local\\Temp',
    TERM: 'xterm-256color',
    TERM_PROGRAM: 'vscode',
    TERM_PROGRAM_VERSION: '1.70.1',
    TMP: 'C:\\Users\\USER\\AppData\\Local\\Temp',
    TS_NODE_DEV: 'true',
    USERDOMAIN: 'DESKTOP-42FFPT6',
    USERDOMAIN_ROAMINGPROFILE: 'DESKTOP-42FFPT6',
    USERNAME: 'USER',
    USERPROFILE: 'C:\\Users\\USER',
    VBOX_HWVIRTEX_IGNORE_SVM_IN_USE: '1',
    VSCODE_GIT_ASKPASS_EXTRA_ARGS: '--ms-enable-electron-run-as-node',
    VSCODE_GIT_ASKPASS_MAIN: 'e:\\VSC\\Microsoft VS Code\\resources\\app\\extensions\\git\\dist\\askpass-main.js',
    VSCODE_GIT_ASKPASS_NODE: 'E:\\VSC\\Microsoft VS Code\\Code.exe',
    VSCODE_GIT_IPC_HANDLE: '\\\\.\\pipe\\vscode-git-7cb067e61b-sock',
    WINDIR: 'C:\\Windows',
    YARN_WRAP_OUTPUT: 'false',
    _: 'E:/Node/node'
  },
  level: 'info',
  label: 'PH',
  timestamp: '2023-09-02T07:09:35.273Z'
}
{
  message: 'Database connected',
  level: 'info',
  label: 'PH',
  timestamp: '2023-09-02T07:09:38.501Z'
}
{
  message: 'Application listening on port 5000',
  level: 'info',
  label: 'PH',
  timestamp: '2023-09-02T07:09:38.505Z'
}
{
  message: {
    ALLUSERSPROFILE: 'C:\\ProgramData',
    APPDATA: 'C:\\Users\\USER\\AppData\\Roaming',
    ChocolateyInstall: 'C:\\ProgramData\\chocolatey',
    ChocolateyLastPathUpdate: '132628719028040792',
    CHROME_CRASHPAD_PIPE_NAME: '\\\\.\\pipe\\crashpad_14796_UAJTSYHBCBAZIANG',
    COLORTERM: 'truecolor',
    COMMONPROGRAMFILES: 'C:\\Program Files\\Common Files',
    'CommonProgramFiles(x86)': 'C:\\Program Files (x86)\\Common Files',
    CommonProgramW6432: 'C:\\Program Files\\Common Files',
    COMPUTERNAME: 'DESKTOP-42FFPT6',
    COMSPEC: 'C:\\Windows\\system32\\cmd.exe',
    DATABASE_URL: 'mongodb+srv://university-admin:titliNtbPA5yH1aV@cluster0.tswamiu.mongodb.net/university-management?retryWrites=true&w=majority',
    DEFAULT_USER_PASS: 'university123!@',
    DriverData: 'C:\\Windows\\System32\\Drivers\\DriverData',
    EXEPATH: 'E:\\Git Scm\\Git\\bin',
    FPS_BROWSER_APP_PROFILE_STRING: 'Internet Explorer',
    FPS_BROWSER_USER_PROFILE_STRING: 'Default',
    GIT_ASKPASS: 'e:\\VSC\\Microsoft VS Code\\resources\\app\\extensions\\git\\dist\\askpass.sh',
    HOME: 'C:\\Users\\USER',
    HOMEDRIVE: 'C:',
    HOMEPATH: '\\Users\\USER',
    INIT_CWD: 'D:\\Next-Level-PH\\Milestone_3\\university-management-auth-service',
    LANG: 'en_US.UTF-8',
    LOCALAPPDATA: 'C:\\Users\\USER\\AppData\\Local',
    LOGONSERVER: '\\\\DESKTOP-42FFPT6',
    MEmu_Path: 'C:\\Program Files (x86)',
    MSYSTEM: 'MINGW64',
    NODE: 'E:\\Node\\node.exe',
    NODE_ENV: 'development',
    npm_config_argv: '{"remain":[],"cooked":["run","start"],"original":["start"]}',
    npm_config_bin_links: 'true',
    npm_config_ignore_optional: '',
    npm_config_ignore_scripts: '',
    npm_config_init_license: 'MIT',
    npm_config_init_version: '1.0.0',
    npm_config_registry: 'https://registry.yarnpkg.com',
    npm_config_save_prefix: '^',
    npm_config_strict_ssl: 'true',
    npm_config_user_agent: 'yarn/1.22.19 npm/? node/v18.16.0 win32 x64',
    npm_config_version_commit_hooks: 'true',
    npm_config_version_git_message: 'v%s',
    npm_config_version_git_sign: '',
    npm_config_version_git_tag: 'true',
    npm_config_version_tag_prefix: 'v',
    npm_execpath: 'C:\\Users\\USER\\AppData\\Roaming\\npm\\node_modules\\yarn\\bin\\yarn.js',
    npm_lifecycle_event: 'start',
    npm_lifecycle_script: 'ts-node-dev --respawn --transpile-only src/server.ts',
    npm_node_execpath: 'E:\\Node\\node.exe',
    npm_package_author_name: 'siam',
    npm_package_dependencies_cors: '^2.8.5',
    npm_package_dependencies_dotenv: '^16.0.3',
    npm_package_dependencies_eslint: '^8.41.0',
    npm_package_dependencies_express: '^4.18.2',
    npm_package_dependencies_http_status: '^1.6.2',
    npm_package_dependencies_mongoose: '^7.2.1',
    npm_package_dependencies_winston: '^3.9.0',
    npm_package_dependencies_winston_daily_rotate_file: '^4.7.1',
    npm_package_dependencies_zod: '^3.21.4',
    npm_package_dependencies__typescript_eslint_eslint_plugin: '^5.59.8',
    npm_package_dependencies__typescript_eslint_parser: '^5.59.8',
    npm_package_description: '',
    npm_package_devDependencies_eslint_config_prettier: '^8.8.0',
    npm_package_devDependencies_husky: '^8.0.3',
    npm_package_devDependencies_lint_staged: '^13.2.2',
    npm_package_devDependencies_prettier: '^2.8.8',
    npm_package_devDependencies_ts_node_dev: '^2.0.0',
    npm_package_devDependencies_typescript: '^5.0.4',
    npm_package_devDependencies__types_cors: '^2.8.13',
    npm_package_devDependencies__types_express: '^4.17.17',
    npm_package_license: 'ISC',
    npm_package_lint_staged_src______ts: 'yarn lint-prettier',
    npm_package_main: 'src/server.ts',
    npm_package_name: 'university-management-auth-service',
    npm_package_scripts_lint_check: 'eslint --ignore-path .eslintignore --ext .js,.ts .',
    npm_package_scripts_lint_fix: 'eslint . --fix',
    npm_package_scripts_lint_prettier: 'yarn lint:check && yarn prettier:check',
    npm_package_scripts_prettier_check: 'prettier --ignore-path .gitignore --write "**/*.+(js|ts|json)"',
    npm_package_scripts_prettier_fix: 'prettier --write .',
    npm_package_scripts_start: 'ts-node-dev --respawn --transpile-only src/server.ts',
    npm_package_scripts_test: 'echo "Error: no test specified" && exit 1',
    npm_package_version: '1.0.0',
    NUMBER_OF_PROCESSORS: '6',
    OneDrive: 'C:\\Users\\USER\\OneDrive',
    ORIGINAL_XDG_CURRENT_DESKTOP: 'undefined',
    OS: 'Windows_NT',
    PATH: 'C:\\Users\\USER\\AppData\\Local\\Temp\\yarn--1693636523891-0.09251425859805162;D:\\Next-Level-PH\\Milestone_3\\university-management-auth-service\\node_modules\\.bin;C:\\Users\\USER\\AppData\\Local\\Yarn\\Data\\link\\node_modules\\.bin;C:\\Users\\USER\\AppData\\Local\\Yarn\\bin;E:\\libexec\\lib\\node_modules\\npm\\bin\\node-gyp-bin;E:\\lib\\node_modules\\npm\\bin\\node-gyp-bin;E:\\Node\\node_modules\\npm\\bin\\node-gyp-bin;E:\\Git Scm\\Git\\mingw64\\bin;E:\\Git Scm\\Git\\usr\\bin;C:\\Users\\USER\\bin;E:\\VMware\\bin;C:\\Python39\\Scripts;C:\\Python39;C:\\Windows\\system32;C:\\Windows;C:\\Windows\\System32\\Wbem;C:\\Windows\\System32\\WindowsPowerShell\\v1.0;C:\\Windows\\System32\\OpenSSH;C:\\ProgramData\\chocolatey\\bin;C:\\Program Files\\Wolfram Research\\WolframScript;E:\\Git Scm\\Git\\cmd;E:\\Matlab\\bin;C:\\Program Files\\Docker\\Docker\\resources\\bin;E:\\Node;C:\\Program Files\\MongoDB\\Server\\6.0\\bin;C:\\Users\\USER\\AppData\\Local\\Microsoft\\WindowsApps;C:\\Program Files (x86)\\CodeBlocks\\MinGW\\bin;C:\\Program Files\\CodeBlocks\\MinGW\\bin;C:\\Users\\USER\\AppData\\Local\\atom\\bin;E:\\VSC\\Microsoft VS Code\\bin;C:\\Users\\USER\\AppData\\Local\\GitHubDesktop\\bin;E:\\Heroku\\bin;C:\\Users\\USER\\AppData\\Roaming\\npm',
    PATHEXT: '.COM;.EXE;.BAT;.CMD;.VBS;.VBE;.JSE;.WSF;.WSH;.MSC;.PY;.PYW',
    PLINK_PROTOCOL: 'ssh',
    PORT: '5000',
    PROCESSOR_ARCHITECTURE: 'AMD64',
    PROCESSOR_IDENTIFIER: 'AMD64 Family 23 Model 113 Stepping 0, AuthenticAMD',
    PROCESSOR_LEVEL: '23',
    PROCESSOR_REVISION: '7100',
    ProgramData: 'C:\\ProgramData',
    PROGRAMFILES: 'C:\\Program Files',
    'ProgramFiles(x86)': 'C:\\Program Files (x86)',
    ProgramW6432: 'C:\\Program Files',
    PROMPT: '$P$G',
    PSModulePath: 'C:\\Program Files\\WindowsPowerShell\\Modules;C:\\Windows\\system32\\WindowsPowerShell\\v1.0\\Modules',
    PUBLIC: 'C:\\Users\\Public',
    PWD: 'D:/Next-Level-PH/Milestone_3/university-management-auth-service',
    SESSIONNAME: 'Console',
    SHLVL: '2',
    SYSTEMDRIVE: 'C:',
    SYSTEMROOT: 'C:\\Windows',
    TEMP: 'C:\\Users\\USER\\AppData\\Local\\Temp',
    TERM: 'xterm-256color',
    TERM_PROGRAM: 'vscode',
    TERM_PROGRAM_VERSION: '1.70.1',
    TMP: 'C:\\Users\\USER\\AppData\\Local\\Temp',
    TS_NODE_DEV: 'true',
    USERDOMAIN: 'DESKTOP-42FFPT6',
    USERDOMAIN_ROAMINGPROFILE: 'DESKTOP-42FFPT6',
    USERNAME: 'USER',
    USERPROFILE: 'C:\\Users\\USER',
    VBOX_HWVIRTEX_IGNORE_SVM_IN_USE: '1',
    VSCODE_GIT_ASKPASS_EXTRA_ARGS: '--ms-enable-electron-run-as-node',
    VSCODE_GIT_ASKPASS_MAIN: 'e:\\VSC\\Microsoft VS Code\\resources\\app\\extensions\\git\\dist\\askpass-main.js',
    VSCODE_GIT_ASKPASS_NODE: 'E:\\VSC\\Microsoft VS Code\\Code.exe',
    VSCODE_GIT_IPC_HANDLE: '\\\\.\\pipe\\vscode-git-7cb067e61b-sock',
    WINDIR: 'C:\\Windows',
    YARN_WRAP_OUTPUT: 'false',
    _: 'E:/Node/node'
  },
  level: 'info',
  label: 'PH',
  timestamp: '2023-09-02T07:09:49.371Z'
}
{
  message: 'Database connected',
  level: 'info',
  label: 'PH',
  timestamp: '2023-09-02T07:09:52.436Z'
}
{
  message: 'Application listening on port 5000',
  level: 'info',
  label: 'PH',
  timestamp: '2023-09-02T07:09:52.441Z'
}
{
  message: {
    ALLUSERSPROFILE: 'C:\\ProgramData',
    APPDATA: 'C:\\Users\\USER\\AppData\\Roaming',
    ChocolateyInstall: 'C:\\ProgramData\\chocolatey',
    ChocolateyLastPathUpdate: '132628719028040792',
    CHROME_CRASHPAD_PIPE_NAME: '\\\\.\\pipe\\crashpad_14796_UAJTSYHBCBAZIANG',
    COLORTERM: 'truecolor',
    COMMONPROGRAMFILES: 'C:\\Program Files\\Common Files',
    'CommonProgramFiles(x86)': 'C:\\Program Files (x86)\\Common Files',
    CommonProgramW6432: 'C:\\Program Files\\Common Files',
    COMPUTERNAME: 'DESKTOP-42FFPT6',
    COMSPEC: 'C:\\Windows\\system32\\cmd.exe',
    DATABASE_URL: 'mongodb+srv://university-admin:titliNtbPA5yH1aV@cluster0.tswamiu.mongodb.net/university-management?retryWrites=true&w=majority',
    DEFAULT_USER_PASS: 'university123!@',
    DriverData: 'C:\\Windows\\System32\\Drivers\\DriverData',
    EXEPATH: 'E:\\Git Scm\\Git\\bin',
    FPS_BROWSER_APP_PROFILE_STRING: 'Internet Explorer',
    FPS_BROWSER_USER_PROFILE_STRING: 'Default',
    GIT_ASKPASS: 'e:\\VSC\\Microsoft VS Code\\resources\\app\\extensions\\git\\dist\\askpass.sh',
    HOME: 'C:\\Users\\USER',
    HOMEDRIVE: 'C:',
    HOMEPATH: '\\Users\\USER',
    INIT_CWD: 'D:\\Next-Level-PH\\Milestone_3\\university-management-auth-service',
    LANG: 'en_US.UTF-8',
    LOCALAPPDATA: 'C:\\Users\\USER\\AppData\\Local',
    LOGONSERVER: '\\\\DESKTOP-42FFPT6',
    MEmu_Path: 'C:\\Program Files (x86)',
    MSYSTEM: 'MINGW64',
    NODE: 'E:\\Node\\node.exe',
    NODE_ENV: 'development',
    npm_config_argv: '{"remain":[],"cooked":["run","start"],"original":["start"]}',
    npm_config_bin_links: 'true',
    npm_config_ignore_optional: '',
    npm_config_ignore_scripts: '',
    npm_config_init_license: 'MIT',
    npm_config_init_version: '1.0.0',
    npm_config_registry: 'https://registry.yarnpkg.com',
    npm_config_save_prefix: '^',
    npm_config_strict_ssl: 'true',
    npm_config_user_agent: 'yarn/1.22.19 npm/? node/v18.16.0 win32 x64',
    npm_config_version_commit_hooks: 'true',
    npm_config_version_git_message: 'v%s',
    npm_config_version_git_sign: '',
    npm_config_version_git_tag: 'true',
    npm_config_version_tag_prefix: 'v',
    npm_execpath: 'C:\\Users\\USER\\AppData\\Roaming\\npm\\node_modules\\yarn\\bin\\yarn.js',
    npm_lifecycle_event: 'start',
    npm_lifecycle_script: 'ts-node-dev --respawn --transpile-only src/server.ts',
    npm_node_execpath: 'E:\\Node\\node.exe',
    npm_package_author_name: 'siam',
    npm_package_dependencies_cors: '^2.8.5',
    npm_package_dependencies_dotenv: '^16.0.3',
    npm_package_dependencies_eslint: '^8.41.0',
    npm_package_dependencies_express: '^4.18.2',
    npm_package_dependencies_http_status: '^1.6.2',
    npm_package_dependencies_mongoose: '^7.2.1',
    npm_package_dependencies_winston: '^3.9.0',
    npm_package_dependencies_winston_daily_rotate_file: '^4.7.1',
    npm_package_dependencies_zod: '^3.21.4',
    npm_package_dependencies__typescript_eslint_eslint_plugin: '^5.59.8',
    npm_package_dependencies__typescript_eslint_parser: '^5.59.8',
    npm_package_description: '',
    npm_package_devDependencies_eslint_config_prettier: '^8.8.0',
    npm_package_devDependencies_husky: '^8.0.3',
    npm_package_devDependencies_lint_staged: '^13.2.2',
    npm_package_devDependencies_prettier: '^2.8.8',
    npm_package_devDependencies_ts_node_dev: '^2.0.0',
    npm_package_devDependencies_typescript: '^5.0.4',
    npm_package_devDependencies__types_cors: '^2.8.13',
    npm_package_devDependencies__types_express: '^4.17.17',
    npm_package_license: 'ISC',
    npm_package_lint_staged_src______ts: 'yarn lint-prettier',
    npm_package_main: 'src/server.ts',
    npm_package_name: 'university-management-auth-service',
    npm_package_scripts_lint_check: 'eslint --ignore-path .eslintignore --ext .js,.ts .',
    npm_package_scripts_lint_fix: 'eslint . --fix',
    npm_package_scripts_lint_prettier: 'yarn lint:check && yarn prettier:check',
    npm_package_scripts_prettier_check: 'prettier --ignore-path .gitignore --write "**/*.+(js|ts|json)"',
    npm_package_scripts_prettier_fix: 'prettier --write .',
    npm_package_scripts_start: 'ts-node-dev --respawn --transpile-only src/server.ts',
    npm_package_scripts_test: 'echo "Error: no test specified" && exit 1',
    npm_package_version: '1.0.0',
    NUMBER_OF_PROCESSORS: '6',
    OneDrive: 'C:\\Users\\USER\\OneDrive',
    ORIGINAL_XDG_CURRENT_DESKTOP: 'undefined',
    OS: 'Windows_NT',
    PATH: 'C:\\Users\\USER\\AppData\\Local\\Temp\\yarn--1693636523891-0.09251425859805162;D:\\Next-Level-PH\\Milestone_3\\university-management-auth-service\\node_modules\\.bin;C:\\Users\\USER\\AppData\\Local\\Yarn\\Data\\link\\node_modules\\.bin;C:\\Users\\USER\\AppData\\Local\\Yarn\\bin;E:\\libexec\\lib\\node_modules\\npm\\bin\\node-gyp-bin;E:\\lib\\node_modules\\npm\\bin\\node-gyp-bin;E:\\Node\\node_modules\\npm\\bin\\node-gyp-bin;E:\\Git Scm\\Git\\mingw64\\bin;E:\\Git Scm\\Git\\usr\\bin;C:\\Users\\USER\\bin;E:\\VMware\\bin;C:\\Python39\\Scripts;C:\\Python39;C:\\Windows\\system32;C:\\Windows;C:\\Windows\\System32\\Wbem;C:\\Windows\\System32\\WindowsPowerShell\\v1.0;C:\\Windows\\System32\\OpenSSH;C:\\ProgramData\\chocolatey\\bin;C:\\Program Files\\Wolfram Research\\WolframScript;E:\\Git Scm\\Git\\cmd;E:\\Matlab\\bin;C:\\Program Files\\Docker\\Docker\\resources\\bin;E:\\Node;C:\\Program Files\\MongoDB\\Server\\6.0\\bin;C:\\Users\\USER\\AppData\\Local\\Microsoft\\WindowsApps;C:\\Program Files (x86)\\CodeBlocks\\MinGW\\bin;C:\\Program Files\\CodeBlocks\\MinGW\\bin;C:\\Users\\USER\\AppData\\Local\\atom\\bin;E:\\VSC\\Microsoft VS Code\\bin;C:\\Users\\USER\\AppData\\Local\\GitHubDesktop\\bin;E:\\Heroku\\bin;C:\\Users\\USER\\AppData\\Roaming\\npm',
    PATHEXT: '.COM;.EXE;.BAT;.CMD;.VBS;.VBE;.JSE;.WSF;.WSH;.MSC;.PY;.PYW',
    PLINK_PROTOCOL: 'ssh',
    PORT: '5000',
    PROCESSOR_ARCHITECTURE: 'AMD64',
    PROCESSOR_IDENTIFIER: 'AMD64 Family 23 Model 113 Stepping 0, AuthenticAMD',
    PROCESSOR_LEVEL: '23',
    PROCESSOR_REVISION: '7100',
    ProgramData: 'C:\\ProgramData',
    PROGRAMFILES: 'C:\\Program Files',
    'ProgramFiles(x86)': 'C:\\Program Files (x86)',
    ProgramW6432: 'C:\\Program Files',
    PROMPT: '$P$G',
    PSModulePath: 'C:\\Program Files\\WindowsPowerShell\\Modules;C:\\Windows\\system32\\WindowsPowerShell\\v1.0\\Modules',
    PUBLIC: 'C:\\Users\\Public',
    PWD: 'D:/Next-Level-PH/Milestone_3/university-management-auth-service',
    SESSIONNAME: 'Console',
    SHLVL: '2',
    SYSTEMDRIVE: 'C:',
    SYSTEMROOT: 'C:\\Windows',
    TEMP: 'C:\\Users\\USER\\AppData\\Local\\Temp',
    TERM: 'xterm-256color',
    TERM_PROGRAM: 'vscode',
    TERM_PROGRAM_VERSION: '1.70.1',
    TMP: 'C:\\Users\\USER\\AppData\\Local\\Temp',
    TS_NODE_DEV: 'true',
    USERDOMAIN: 'DESKTOP-42FFPT6',
    USERDOMAIN_ROAMINGPROFILE: 'DESKTOP-42FFPT6',
    USERNAME: 'USER',
    USERPROFILE: 'C:\\Users\\USER',
    VBOX_HWVIRTEX_IGNORE_SVM_IN_USE: '1',
    VSCODE_GIT_ASKPASS_EXTRA_ARGS: '--ms-enable-electron-run-as-node',
    VSCODE_GIT_ASKPASS_MAIN: 'e:\\VSC\\Microsoft VS Code\\resources\\app\\extensions\\git\\dist\\askpass-main.js',
    VSCODE_GIT_ASKPASS_NODE: 'E:\\VSC\\Microsoft VS Code\\Code.exe',
    VSCODE_GIT_IPC_HANDLE: '\\\\.\\pipe\\vscode-git-7cb067e61b-sock',
    WINDIR: 'C:\\Windows',
    YARN_WRAP_OUTPUT: 'false',
    _: 'E:/Node/node'
  },
  level: 'info',
  label: 'PH',
  timestamp: '2023-09-02T07:10:43.892Z'
}
{
  message: 'Database connected',
  level: 'info',
  label: 'PH',
  timestamp: '2023-09-02T07:10:49.301Z'
}
{
  message: 'Application listening on port 5000',
  level: 'info',
  label: 'PH',
  timestamp: '2023-09-02T07:10:49.305Z'
}
{
  message: {
    ALLUSERSPROFILE: 'C:\\ProgramData',
    APPDATA: 'C:\\Users\\USER\\AppData\\Roaming',
    ChocolateyInstall: 'C:\\ProgramData\\chocolatey',
    ChocolateyLastPathUpdate: '132628719028040792',
    CHROME_CRASHPAD_PIPE_NAME: '\\\\.\\pipe\\crashpad_14796_UAJTSYHBCBAZIANG',
    COLORTERM: 'truecolor',
    COMMONPROGRAMFILES: 'C:\\Program Files\\Common Files',
    'CommonProgramFiles(x86)': 'C:\\Program Files (x86)\\Common Files',
    CommonProgramW6432: 'C:\\Program Files\\Common Files',
    COMPUTERNAME: 'DESKTOP-42FFPT6',
    COMSPEC: 'C:\\Windows\\system32\\cmd.exe',
    DATABASE_URL: 'mongodb+srv://university-admin:titliNtbPA5yH1aV@cluster0.tswamiu.mongodb.net/university-management?retryWrites=true&w=majority',
    DEFAULT_USER_PASS: 'university123!@',
    DriverData: 'C:\\Windows\\System32\\Drivers\\DriverData',
    EXEPATH: 'E:\\Git Scm\\Git\\bin',
    FPS_BROWSER_APP_PROFILE_STRING: 'Internet Explorer',
    FPS_BROWSER_USER_PROFILE_STRING: 'Default',
    GIT_ASKPASS: 'e:\\VSC\\Microsoft VS Code\\resources\\app\\extensions\\git\\dist\\askpass.sh',
    HOME: 'C:\\Users\\USER',
    HOMEDRIVE: 'C:',
    HOMEPATH: '\\Users\\USER',
    INIT_CWD: 'D:\\Next-Level-PH\\Milestone_3\\university-management-auth-service',
    LANG: 'en_US.UTF-8',
    LOCALAPPDATA: 'C:\\Users\\USER\\AppData\\Local',
    LOGONSERVER: '\\\\DESKTOP-42FFPT6',
    MEmu_Path: 'C:\\Program Files (x86)',
    MSYSTEM: 'MINGW64',
    NODE: 'E:\\Node\\node.exe',
    NODE_ENV: 'development',
    npm_config_argv: '{"remain":[],"cooked":["run","start"],"original":["start"]}',
    npm_config_bin_links: 'true',
    npm_config_ignore_optional: '',
    npm_config_ignore_scripts: '',
    npm_config_init_license: 'MIT',
    npm_config_init_version: '1.0.0',
    npm_config_registry: 'https://registry.yarnpkg.com',
    npm_config_save_prefix: '^',
    npm_config_strict_ssl: 'true',
    npm_config_user_agent: 'yarn/1.22.19 npm/? node/v18.16.0 win32 x64',
    npm_config_version_commit_hooks: 'true',
    npm_config_version_git_message: 'v%s',
    npm_config_version_git_sign: '',
    npm_config_version_git_tag: 'true',
    npm_config_version_tag_prefix: 'v',
    npm_execpath: 'C:\\Users\\USER\\AppData\\Roaming\\npm\\node_modules\\yarn\\bin\\yarn.js',
    npm_lifecycle_event: 'start',
    npm_lifecycle_script: 'ts-node-dev --respawn --transpile-only src/server.ts',
    npm_node_execpath: 'E:\\Node\\node.exe',
    npm_package_author_name: 'siam',
    npm_package_dependencies_cors: '^2.8.5',
    npm_package_dependencies_dotenv: '^16.0.3',
    npm_package_dependencies_eslint: '^8.41.0',
    npm_package_dependencies_express: '^4.18.2',
    npm_package_dependencies_http_status: '^1.6.2',
    npm_package_dependencies_mongoose: '^7.2.1',
    npm_package_dependencies_winston: '^3.9.0',
    npm_package_dependencies_winston_daily_rotate_file: '^4.7.1',
    npm_package_dependencies_zod: '^3.21.4',
    npm_package_dependencies__typescript_eslint_eslint_plugin: '^5.59.8',
    npm_package_dependencies__typescript_eslint_parser: '^5.59.8',
    npm_package_description: '',
    npm_package_devDependencies_eslint_config_prettier: '^8.8.0',
    npm_package_devDependencies_husky: '^8.0.3',
    npm_package_devDependencies_lint_staged: '^13.2.2',
    npm_package_devDependencies_prettier: '^2.8.8',
    npm_package_devDependencies_ts_node_dev: '^2.0.0',
    npm_package_devDependencies_typescript: '^5.0.4',
    npm_package_devDependencies__types_cors: '^2.8.13',
    npm_package_devDependencies__types_express: '^4.17.17',
    npm_package_license: 'ISC',
    npm_package_lint_staged_src______ts: 'yarn lint-prettier',
    npm_package_main: 'src/server.ts',
    npm_package_name: 'university-management-auth-service',
    npm_package_scripts_lint_check: 'eslint --ignore-path .eslintignore --ext .js,.ts .',
    npm_package_scripts_lint_fix: 'eslint . --fix',
    npm_package_scripts_lint_prettier: 'yarn lint:check && yarn prettier:check',
    npm_package_scripts_prettier_check: 'prettier --ignore-path .gitignore --write "**/*.+(js|ts|json)"',
    npm_package_scripts_prettier_fix: 'prettier --write .',
    npm_package_scripts_start: 'ts-node-dev --respawn --transpile-only src/server.ts',
    npm_package_scripts_test: 'echo "Error: no test specified" && exit 1',
    npm_package_version: '1.0.0',
    NUMBER_OF_PROCESSORS: '6',
    OneDrive: 'C:\\Users\\USER\\OneDrive',
    ORIGINAL_XDG_CURRENT_DESKTOP: 'undefined',
    OS: 'Windows_NT',
    PATH: 'C:\\Users\\USER\\AppData\\Local\\Temp\\yarn--1693636523891-0.09251425859805162;D:\\Next-Level-PH\\Milestone_3\\university-management-auth-service\\node_modules\\.bin;C:\\Users\\USER\\AppData\\Local\\Yarn\\Data\\link\\node_modules\\.bin;C:\\Users\\USER\\AppData\\Local\\Yarn\\bin;E:\\libexec\\lib\\node_modules\\npm\\bin\\node-gyp-bin;E:\\lib\\node_modules\\npm\\bin\\node-gyp-bin;E:\\Node\\node_modules\\npm\\bin\\node-gyp-bin;E:\\Git Scm\\Git\\mingw64\\bin;E:\\Git Scm\\Git\\usr\\bin;C:\\Users\\USER\\bin;E:\\VMware\\bin;C:\\Python39\\Scripts;C:\\Python39;C:\\Windows\\system32;C:\\Windows;C:\\Windows\\System32\\Wbem;C:\\Windows\\System32\\WindowsPowerShell\\v1.0;C:\\Windows\\System32\\OpenSSH;C:\\ProgramData\\chocolatey\\bin;C:\\Program Files\\Wolfram Research\\WolframScript;E:\\Git Scm\\Git\\cmd;E:\\Matlab\\bin;C:\\Program Files\\Docker\\Docker\\resources\\bin;E:\\Node;C:\\Program Files\\MongoDB\\Server\\6.0\\bin;C:\\Users\\USER\\AppData\\Local\\Microsoft\\WindowsApps;C:\\Program Files (x86)\\CodeBlocks\\MinGW\\bin;C:\\Program Files\\CodeBlocks\\MinGW\\bin;C:\\Users\\USER\\AppData\\Local\\atom\\bin;E:\\VSC\\Microsoft VS Code\\bin;C:\\Users\\USER\\AppData\\Local\\GitHubDesktop\\bin;E:\\Heroku\\bin;C:\\Users\\USER\\AppData\\Roaming\\npm',
    PATHEXT: '.COM;.EXE;.BAT;.CMD;.VBS;.VBE;.JSE;.WSF;.WSH;.MSC;.PY;.PYW',
    PLINK_PROTOCOL: 'ssh',
    PORT: '5000',
    PROCESSOR_ARCHITECTURE: 'AMD64',
    PROCESSOR_IDENTIFIER: 'AMD64 Family 23 Model 113 Stepping 0, AuthenticAMD',
    PROCESSOR_LEVEL: '23',
    PROCESSOR_REVISION: '7100',
    ProgramData: 'C:\\ProgramData',
    PROGRAMFILES: 'C:\\Program Files',
    'ProgramFiles(x86)': 'C:\\Program Files (x86)',
    ProgramW6432: 'C:\\Program Files',
    PROMPT: '$P$G',
    PSModulePath: 'C:\\Program Files\\WindowsPowerShell\\Modules;C:\\Windows\\system32\\WindowsPowerShell\\v1.0\\Modules',
    PUBLIC: 'C:\\Users\\Public',
    PWD: 'D:/Next-Level-PH/Milestone_3/university-management-auth-service',
    SESSIONNAME: 'Console',
    SHLVL: '2',
    SYSTEMDRIVE: 'C:',
    SYSTEMROOT: 'C:\\Windows',
    TEMP: 'C:\\Users\\USER\\AppData\\Local\\Temp',
    TERM: 'xterm-256color',
    TERM_PROGRAM: 'vscode',
    TERM_PROGRAM_VERSION: '1.70.1',
    TMP: 'C:\\Users\\USER\\AppData\\Local\\Temp',
    TS_NODE_DEV: 'true',
    USERDOMAIN: 'DESKTOP-42FFPT6',
    USERDOMAIN_ROAMINGPROFILE: 'DESKTOP-42FFPT6',
    USERNAME: 'USER',
    USERPROFILE: 'C:\\Users\\USER',
    VBOX_HWVIRTEX_IGNORE_SVM_IN_USE: '1',
    VSCODE_GIT_ASKPASS_EXTRA_ARGS: '--ms-enable-electron-run-as-node',
    VSCODE_GIT_ASKPASS_MAIN: 'e:\\VSC\\Microsoft VS Code\\resources\\app\\extensions\\git\\dist\\askpass-main.js',
    VSCODE_GIT_ASKPASS_NODE: 'E:\\VSC\\Microsoft VS Code\\Code.exe',
    VSCODE_GIT_IPC_HANDLE: '\\\\.\\pipe\\vscode-git-7cb067e61b-sock',
    WINDIR: 'C:\\Windows',
    YARN_WRAP_OUTPUT: 'false',
    _: 'E:/Node/node'
  },
  level: 'info',
  label: 'PH',
  timestamp: '2023-09-02T07:10:57.623Z'
}
{
  message: 'Database connected',
  level: 'info',
  label: 'PH',
  timestamp: '2023-09-02T07:11:01.636Z'
}
{
  message: 'Application listening on port 5000',
  level: 'info',
  label: 'PH',
  timestamp: '2023-09-02T07:11:01.640Z'
}
{
  message: {
    ALLUSERSPROFILE: 'C:\\ProgramData',
    APPDATA: 'C:\\Users\\USER\\AppData\\Roaming',
    ChocolateyInstall: 'C:\\ProgramData\\chocolatey',
    ChocolateyLastPathUpdate: '132628719028040792',
    CHROME_CRASHPAD_PIPE_NAME: '\\\\.\\pipe\\crashpad_14796_UAJTSYHBCBAZIANG',
    COLORTERM: 'truecolor',
    COMMONPROGRAMFILES: 'C:\\Program Files\\Common Files',
    'CommonProgramFiles(x86)': 'C:\\Program Files (x86)\\Common Files',
    CommonProgramW6432: 'C:\\Program Files\\Common Files',
    COMPUTERNAME: 'DESKTOP-42FFPT6',
    COMSPEC: 'C:\\Windows\\system32\\cmd.exe',
    DATABASE_URL: 'mongodb+srv://university-admin:titliNtbPA5yH1aV@cluster0.tswamiu.mongodb.net/university-management?retryWrites=true&w=majority',
    DEFAULT_USER_PASS: 'university123!@',
    DriverData: 'C:\\Windows\\System32\\Drivers\\DriverData',
    EXEPATH: 'E:\\Git Scm\\Git\\bin',
    FPS_BROWSER_APP_PROFILE_STRING: 'Internet Explorer',
    FPS_BROWSER_USER_PROFILE_STRING: 'Default',
    GIT_ASKPASS: 'e:\\VSC\\Microsoft VS Code\\resources\\app\\extensions\\git\\dist\\askpass.sh',
    HOME: 'C:\\Users\\USER',
    HOMEDRIVE: 'C:',
    HOMEPATH: '\\Users\\USER',
    INIT_CWD: 'D:\\Next-Level-PH\\Milestone_3\\university-management-auth-service',
    LANG: 'en_US.UTF-8',
    LOCALAPPDATA: 'C:\\Users\\USER\\AppData\\Local',
    LOGONSERVER: '\\\\DESKTOP-42FFPT6',
    MEmu_Path: 'C:\\Program Files (x86)',
    MSYSTEM: 'MINGW64',
    NODE: 'E:\\Node\\node.exe',
    NODE_ENV: 'development',
    npm_config_argv: '{"remain":[],"cooked":["run","start"],"original":["start"]}',
    npm_config_bin_links: 'true',
    npm_config_ignore_optional: '',
    npm_config_ignore_scripts: '',
    npm_config_init_license: 'MIT',
    npm_config_init_version: '1.0.0',
    npm_config_registry: 'https://registry.yarnpkg.com',
    npm_config_save_prefix: '^',
    npm_config_strict_ssl: 'true',
    npm_config_user_agent: 'yarn/1.22.19 npm/? node/v18.16.0 win32 x64',
    npm_config_version_commit_hooks: 'true',
    npm_config_version_git_message: 'v%s',
    npm_config_version_git_sign: '',
    npm_config_version_git_tag: 'true',
    npm_config_version_tag_prefix: 'v',
    npm_execpath: 'C:\\Users\\USER\\AppData\\Roaming\\npm\\node_modules\\yarn\\bin\\yarn.js',
    npm_lifecycle_event: 'start',
    npm_lifecycle_script: 'ts-node-dev --respawn --transpile-only src/server.ts',
    npm_node_execpath: 'E:\\Node\\node.exe',
    npm_package_author_name: 'siam',
    npm_package_dependencies_cors: '^2.8.5',
    npm_package_dependencies_dotenv: '^16.0.3',
    npm_package_dependencies_eslint: '^8.41.0',
    npm_package_dependencies_express: '^4.18.2',
    npm_package_dependencies_http_status: '^1.6.2',
    npm_package_dependencies_mongoose: '^7.2.1',
    npm_package_dependencies_winston: '^3.9.0',
    npm_package_dependencies_winston_daily_rotate_file: '^4.7.1',
    npm_package_dependencies_zod: '^3.21.4',
    npm_package_dependencies__typescript_eslint_eslint_plugin: '^5.59.8',
    npm_package_dependencies__typescript_eslint_parser: '^5.59.8',
    npm_package_description: '',
    npm_package_devDependencies_eslint_config_prettier: '^8.8.0',
    npm_package_devDependencies_husky: '^8.0.3',
    npm_package_devDependencies_lint_staged: '^13.2.2',
    npm_package_devDependencies_prettier: '^2.8.8',
    npm_package_devDependencies_ts_node_dev: '^2.0.0',
    npm_package_devDependencies_typescript: '^5.0.4',
    npm_package_devDependencies__types_cors: '^2.8.13',
    npm_package_devDependencies__types_express: '^4.17.17',
    npm_package_license: 'ISC',
    npm_package_lint_staged_src______ts: 'yarn lint-prettier',
    npm_package_main: 'src/server.ts',
    npm_package_name: 'university-management-auth-service',
    npm_package_scripts_lint_check: 'eslint --ignore-path .eslintignore --ext .js,.ts .',
    npm_package_scripts_lint_fix: 'eslint . --fix',
    npm_package_scripts_lint_prettier: 'yarn lint:check && yarn prettier:check',
    npm_package_scripts_prettier_check: 'prettier --ignore-path .gitignore --write "**/*.+(js|ts|json)"',
    npm_package_scripts_prettier_fix: 'prettier --write .',
    npm_package_scripts_start: 'ts-node-dev --respawn --transpile-only src/server.ts',
    npm_package_scripts_test: 'echo "Error: no test specified" && exit 1',
    npm_package_version: '1.0.0',
    NUMBER_OF_PROCESSORS: '6',
    OneDrive: 'C:\\Users\\USER\\OneDrive',
    ORIGINAL_XDG_CURRENT_DESKTOP: 'undefined',
    OS: 'Windows_NT',
    PATH: 'C:\\Users\\USER\\AppData\\Local\\Temp\\yarn--1693636523891-0.09251425859805162;D:\\Next-Level-PH\\Milestone_3\\university-management-auth-service\\node_modules\\.bin;C:\\Users\\USER\\AppData\\Local\\Yarn\\Data\\link\\node_modules\\.bin;C:\\Users\\USER\\AppData\\Local\\Yarn\\bin;E:\\libexec\\lib\\node_modules\\npm\\bin\\node-gyp-bin;E:\\lib\\node_modules\\npm\\bin\\node-gyp-bin;E:\\Node\\node_modules\\npm\\bin\\node-gyp-bin;E:\\Git Scm\\Git\\mingw64\\bin;E:\\Git Scm\\Git\\usr\\bin;C:\\Users\\USER\\bin;E:\\VMware\\bin;C:\\Python39\\Scripts;C:\\Python39;C:\\Windows\\system32;C:\\Windows;C:\\Windows\\System32\\Wbem;C:\\Windows\\System32\\WindowsPowerShell\\v1.0;C:\\Windows\\System32\\OpenSSH;C:\\ProgramData\\chocolatey\\bin;C:\\Program Files\\Wolfram Research\\WolframScript;E:\\Git Scm\\Git\\cmd;E:\\Matlab\\bin;C:\\Program Files\\Docker\\Docker\\resources\\bin;E:\\Node;C:\\Program Files\\MongoDB\\Server\\6.0\\bin;C:\\Users\\USER\\AppData\\Local\\Microsoft\\WindowsApps;C:\\Program Files (x86)\\CodeBlocks\\MinGW\\bin;C:\\Program Files\\CodeBlocks\\MinGW\\bin;C:\\Users\\USER\\AppData\\Local\\atom\\bin;E:\\VSC\\Microsoft VS Code\\bin;C:\\Users\\USER\\AppData\\Local\\GitHubDesktop\\bin;E:\\Heroku\\bin;C:\\Users\\USER\\AppData\\Roaming\\npm',
    PATHEXT: '.COM;.EXE;.BAT;.CMD;.VBS;.VBE;.JSE;.WSF;.WSH;.MSC;.PY;.PYW',
    PLINK_PROTOCOL: 'ssh',
    PORT: '5000',
    PROCESSOR_ARCHITECTURE: 'AMD64',
    PROCESSOR_IDENTIFIER: 'AMD64 Family 23 Model 113 Stepping 0, AuthenticAMD',
    PROCESSOR_LEVEL: '23',
    PROCESSOR_REVISION: '7100',
    ProgramData: 'C:\\ProgramData',
    PROGRAMFILES: 'C:\\Program Files',
    'ProgramFiles(x86)': 'C:\\Program Files (x86)',
    ProgramW6432: 'C:\\Program Files',
    PROMPT: '$P$G',
    PSModulePath: 'C:\\Program Files\\WindowsPowerShell\\Modules;C:\\Windows\\system32\\WindowsPowerShell\\v1.0\\Modules',
    PUBLIC: 'C:\\Users\\Public',
    PWD: 'D:/Next-Level-PH/Milestone_3/university-management-auth-service',
    SESSIONNAME: 'Console',
    SHLVL: '2',
    SYSTEMDRIVE: 'C:',
    SYSTEMROOT: 'C:\\Windows',
    TEMP: 'C:\\Users\\USER\\AppData\\Local\\Temp',
    TERM: 'xterm-256color',
    TERM_PROGRAM: 'vscode',
    TERM_PROGRAM_VERSION: '1.70.1',
    TMP: 'C:\\Users\\USER\\AppData\\Local\\Temp',
    TS_NODE_DEV: 'true',
    USERDOMAIN: 'DESKTOP-42FFPT6',
    USERDOMAIN_ROAMINGPROFILE: 'DESKTOP-42FFPT6',
    USERNAME: 'USER',
    USERPROFILE: 'C:\\Users\\USER',
    VBOX_HWVIRTEX_IGNORE_SVM_IN_USE: '1',
    VSCODE_GIT_ASKPASS_EXTRA_ARGS: '--ms-enable-electron-run-as-node',
    VSCODE_GIT_ASKPASS_MAIN: 'e:\\VSC\\Microsoft VS Code\\resources\\app\\extensions\\git\\dist\\askpass-main.js',
    VSCODE_GIT_ASKPASS_NODE: 'E:\\VSC\\Microsoft VS Code\\Code.exe',
    VSCODE_GIT_IPC_HANDLE: '\\\\.\\pipe\\vscode-git-7cb067e61b-sock',
    WINDIR: 'C:\\Windows',
    YARN_WRAP_OUTPUT: 'false',
    _: 'E:/Node/node'
  },
  level: 'info',
  label: 'PH',
  timestamp: '2023-09-02T07:11:12.034Z'
}
{
  message: 'Database connected',
  level: 'info',
  label: 'PH',
  timestamp: '2023-09-02T07:11:17.611Z'
}
{
  message: 'Application listening on port 5000',
  level: 'info',
  label: 'PH',
  timestamp: '2023-09-02T07:11:17.615Z'
}
{
  message: {
    ALLUSERSPROFILE: 'C:\\ProgramData',
    APPDATA: 'C:\\Users\\USER\\AppData\\Roaming',
    ChocolateyInstall: 'C:\\ProgramData\\chocolatey',
    ChocolateyLastPathUpdate: '132628719028040792',
    CHROME_CRASHPAD_PIPE_NAME: '\\\\.\\pipe\\crashpad_14796_UAJTSYHBCBAZIANG',
    COLORTERM: 'truecolor',
    COMMONPROGRAMFILES: 'C:\\Program Files\\Common Files',
    'CommonProgramFiles(x86)': 'C:\\Program Files (x86)\\Common Files',
    CommonProgramW6432: 'C:\\Program Files\\Common Files',
    COMPUTERNAME: 'DESKTOP-42FFPT6',
    COMSPEC: 'C:\\Windows\\system32\\cmd.exe',
    DATABASE_URL: 'mongodb+srv://university-admin:titliNtbPA5yH1aV@cluster0.tswamiu.mongodb.net/university-management?retryWrites=true&w=majority',
    DEFAULT_USER_PASS: 'university123!@',
    DriverData: 'C:\\Windows\\System32\\Drivers\\DriverData',
    EXEPATH: 'E:\\Git Scm\\Git\\bin',
    FPS_BROWSER_APP_PROFILE_STRING: 'Internet Explorer',
    FPS_BROWSER_USER_PROFILE_STRING: 'Default',
    GIT_ASKPASS: 'e:\\VSC\\Microsoft VS Code\\resources\\app\\extensions\\git\\dist\\askpass.sh',
    HOME: 'C:\\Users\\USER',
    HOMEDRIVE: 'C:',
    HOMEPATH: '\\Users\\USER',
    INIT_CWD: 'D:\\Next-Level-PH\\Milestone_3\\university-management-auth-service',
    LANG: 'en_US.UTF-8',
    LOCALAPPDATA: 'C:\\Users\\USER\\AppData\\Local',
    LOGONSERVER: '\\\\DESKTOP-42FFPT6',
    MEmu_Path: 'C:\\Program Files (x86)',
    MSYSTEM: 'MINGW64',
    NODE: 'E:\\Node\\node.exe',
    NODE_ENV: 'development',
    npm_config_argv: '{"remain":[],"cooked":["run","start"],"original":["start"]}',
    npm_config_bin_links: 'true',
    npm_config_ignore_optional: '',
    npm_config_ignore_scripts: '',
    npm_config_init_license: 'MIT',
    npm_config_init_version: '1.0.0',
    npm_config_registry: 'https://registry.yarnpkg.com',
    npm_config_save_prefix: '^',
    npm_config_strict_ssl: 'true',
    npm_config_user_agent: 'yarn/1.22.19 npm/? node/v18.16.0 win32 x64',
    npm_config_version_commit_hooks: 'true',
    npm_config_version_git_message: 'v%s',
    npm_config_version_git_sign: '',
    npm_config_version_git_tag: 'true',
    npm_config_version_tag_prefix: 'v',
    npm_execpath: 'C:\\Users\\USER\\AppData\\Roaming\\npm\\node_modules\\yarn\\bin\\yarn.js',
    npm_lifecycle_event: 'start',
    npm_lifecycle_script: 'ts-node-dev --respawn --transpile-only src/server.ts',
    npm_node_execpath: 'E:\\Node\\node.exe',
    npm_package_author_name: 'siam',
    npm_package_dependencies_cors: '^2.8.5',
    npm_package_dependencies_dotenv: '^16.0.3',
    npm_package_dependencies_eslint: '^8.41.0',
    npm_package_dependencies_express: '^4.18.2',
    npm_package_dependencies_http_status: '^1.6.2',
    npm_package_dependencies_mongoose: '^7.2.1',
    npm_package_dependencies_winston: '^3.9.0',
    npm_package_dependencies_winston_daily_rotate_file: '^4.7.1',
    npm_package_dependencies_zod: '^3.21.4',
    npm_package_dependencies__typescript_eslint_eslint_plugin: '^5.59.8',
    npm_package_dependencies__typescript_eslint_parser: '^5.59.8',
    npm_package_description: '',
    npm_package_devDependencies_eslint_config_prettier: '^8.8.0',
    npm_package_devDependencies_husky: '^8.0.3',
    npm_package_devDependencies_lint_staged: '^13.2.2',
    npm_package_devDependencies_prettier: '^2.8.8',
    npm_package_devDependencies_ts_node_dev: '^2.0.0',
    npm_package_devDependencies_typescript: '^5.0.4',
    npm_package_devDependencies__types_cors: '^2.8.13',
    npm_package_devDependencies__types_express: '^4.17.17',
    npm_package_license: 'ISC',
    npm_package_lint_staged_src______ts: 'yarn lint-prettier',
    npm_package_main: 'src/server.ts',
    npm_package_name: 'university-management-auth-service',
    npm_package_scripts_lint_check: 'eslint --ignore-path .eslintignore --ext .js,.ts .',
    npm_package_scripts_lint_fix: 'eslint . --fix',
    npm_package_scripts_lint_prettier: 'yarn lint:check && yarn prettier:check',
    npm_package_scripts_prettier_check: 'prettier --ignore-path .gitignore --write "**/*.+(js|ts|json)"',
    npm_package_scripts_prettier_fix: 'prettier --write .',
    npm_package_scripts_start: 'ts-node-dev --respawn --transpile-only src/server.ts',
    npm_package_scripts_test: 'echo "Error: no test specified" && exit 1',
    npm_package_version: '1.0.0',
    NUMBER_OF_PROCESSORS: '6',
    OneDrive: 'C:\\Users\\USER\\OneDrive',
    ORIGINAL_XDG_CURRENT_DESKTOP: 'undefined',
    OS: 'Windows_NT',
    PATH: 'C:\\Users\\USER\\AppData\\Local\\Temp\\yarn--1693636523891-0.09251425859805162;D:\\Next-Level-PH\\Milestone_3\\university-management-auth-service\\node_modules\\.bin;C:\\Users\\USER\\AppData\\Local\\Yarn\\Data\\link\\node_modules\\.bin;C:\\Users\\USER\\AppData\\Local\\Yarn\\bin;E:\\libexec\\lib\\node_modules\\npm\\bin\\node-gyp-bin;E:\\lib\\node_modules\\npm\\bin\\node-gyp-bin;E:\\Node\\node_modules\\npm\\bin\\node-gyp-bin;E:\\Git Scm\\Git\\mingw64\\bin;E:\\Git Scm\\Git\\usr\\bin;C:\\Users\\USER\\bin;E:\\VMware\\bin;C:\\Python39\\Scripts;C:\\Python39;C:\\Windows\\system32;C:\\Windows;C:\\Windows\\System32\\Wbem;C:\\Windows\\System32\\WindowsPowerShell\\v1.0;C:\\Windows\\System32\\OpenSSH;C:\\ProgramData\\chocolatey\\bin;C:\\Program Files\\Wolfram Research\\WolframScript;E:\\Git Scm\\Git\\cmd;E:\\Matlab\\bin;C:\\Program Files\\Docker\\Docker\\resources\\bin;E:\\Node;C:\\Program Files\\MongoDB\\Server\\6.0\\bin;C:\\Users\\USER\\AppData\\Local\\Microsoft\\WindowsApps;C:\\Program Files (x86)\\CodeBlocks\\MinGW\\bin;C:\\Program Files\\CodeBlocks\\MinGW\\bin;C:\\Users\\USER\\AppData\\Local\\atom\\bin;E:\\VSC\\Microsoft VS Code\\bin;C:\\Users\\USER\\AppData\\Local\\GitHubDesktop\\bin;E:\\Heroku\\bin;C:\\Users\\USER\\AppData\\Roaming\\npm',
    PATHEXT: '.COM;.EXE;.BAT;.CMD;.VBS;.VBE;.JSE;.WSF;.WSH;.MSC;.PY;.PYW',
    PLINK_PROTOCOL: 'ssh',
    PORT: '5000',
    PROCESSOR_ARCHITECTURE: 'AMD64',
    PROCESSOR_IDENTIFIER: 'AMD64 Family 23 Model 113 Stepping 0, AuthenticAMD',
    PROCESSOR_LEVEL: '23',
    PROCESSOR_REVISION: '7100',
    ProgramData: 'C:\\ProgramData',
    PROGRAMFILES: 'C:\\Program Files',
    'ProgramFiles(x86)': 'C:\\Program Files (x86)',
    ProgramW6432: 'C:\\Program Files',
    PROMPT: '$P$G',
    PSModulePath: 'C:\\Program Files\\WindowsPowerShell\\Modules;C:\\Windows\\system32\\WindowsPowerShell\\v1.0\\Modules',
    PUBLIC: 'C:\\Users\\Public',
    PWD: 'D:/Next-Level-PH/Milestone_3/university-management-auth-service',
    SESSIONNAME: 'Console',
    SHLVL: '2',
    SYSTEMDRIVE: 'C:',
    SYSTEMROOT: 'C:\\Windows',
    TEMP: 'C:\\Users\\USER\\AppData\\Local\\Temp',
    TERM: 'xterm-256color',
    TERM_PROGRAM: 'vscode',
    TERM_PROGRAM_VERSION: '1.70.1',
    TMP: 'C:\\Users\\USER\\AppData\\Local\\Temp',
    TS_NODE_DEV: 'true',
    USERDOMAIN: 'DESKTOP-42FFPT6',
    USERDOMAIN_ROAMINGPROFILE: 'DESKTOP-42FFPT6',
    USERNAME: 'USER',
    USERPROFILE: 'C:\\Users\\USER',
    VBOX_HWVIRTEX_IGNORE_SVM_IN_USE: '1',
    VSCODE_GIT_ASKPASS_EXTRA_ARGS: '--ms-enable-electron-run-as-node',
    VSCODE_GIT_ASKPASS_MAIN: 'e:\\VSC\\Microsoft VS Code\\resources\\app\\extensions\\git\\dist\\askpass-main.js',
    VSCODE_GIT_ASKPASS_NODE: 'E:\\VSC\\Microsoft VS Code\\Code.exe',
    VSCODE_GIT_IPC_HANDLE: '\\\\.\\pipe\\vscode-git-7cb067e61b-sock',
    WINDIR: 'C:\\Windows',
    YARN_WRAP_OUTPUT: 'false',
    _: 'E:/Node/node'
  },
  level: 'info',
  label: 'PH',
  timestamp: '2023-09-02T07:11:19.909Z'
}
{
  message: 'Database connected',
  level: 'info',
  label: 'PH',
  timestamp: '2023-09-02T07:11:22.914Z'
}
{
  message: 'Application listening on port 5000',
  level: 'info',
  label: 'PH',
  timestamp: '2023-09-02T07:11:22.918Z'
}
{
  message: {
    ALLUSERSPROFILE: 'C:\\ProgramData',
    APPDATA: 'C:\\Users\\USER\\AppData\\Roaming',
    ChocolateyInstall: 'C:\\ProgramData\\chocolatey',
    ChocolateyLastPathUpdate: '132628719028040792',
    CHROME_CRASHPAD_PIPE_NAME: '\\\\.\\pipe\\crashpad_14796_UAJTSYHBCBAZIANG',
    COLORTERM: 'truecolor',
    COMMONPROGRAMFILES: 'C:\\Program Files\\Common Files',
    'CommonProgramFiles(x86)': 'C:\\Program Files (x86)\\Common Files',
    CommonProgramW6432: 'C:\\Program Files\\Common Files',
    COMPUTERNAME: 'DESKTOP-42FFPT6',
    COMSPEC: 'C:\\Windows\\system32\\cmd.exe',
    DATABASE_URL: 'mongodb+srv://university-admin:titliNtbPA5yH1aV@cluster0.tswamiu.mongodb.net/university-management?retryWrites=true&w=majority',
    DEFAULT_USER_PASS: 'university123!@',
    DriverData: 'C:\\Windows\\System32\\Drivers\\DriverData',
    EXEPATH: 'E:\\Git Scm\\Git\\bin',
    FPS_BROWSER_APP_PROFILE_STRING: 'Internet Explorer',
    FPS_BROWSER_USER_PROFILE_STRING: 'Default',
    GIT_ASKPASS: 'e:\\VSC\\Microsoft VS Code\\resources\\app\\extensions\\git\\dist\\askpass.sh',
    HOME: 'C:\\Users\\USER',
    HOMEDRIVE: 'C:',
    HOMEPATH: '\\Users\\USER',
    INIT_CWD: 'D:\\Next-Level-PH\\Milestone_3\\university-management-auth-service',
    LANG: 'en_US.UTF-8',
    LOCALAPPDATA: 'C:\\Users\\USER\\AppData\\Local',
    LOGONSERVER: '\\\\DESKTOP-42FFPT6',
    MEmu_Path: 'C:\\Program Files (x86)',
    MSYSTEM: 'MINGW64',
    NODE: 'E:\\Node\\node.exe',
    NODE_ENV: 'development',
    npm_config_argv: '{"remain":[],"cooked":["run","start"],"original":["start"]}',
    npm_config_bin_links: 'true',
    npm_config_ignore_optional: '',
    npm_config_ignore_scripts: '',
    npm_config_init_license: 'MIT',
    npm_config_init_version: '1.0.0',
    npm_config_registry: 'https://registry.yarnpkg.com',
    npm_config_save_prefix: '^',
    npm_config_strict_ssl: 'true',
    npm_config_user_agent: 'yarn/1.22.19 npm/? node/v18.16.0 win32 x64',
    npm_config_version_commit_hooks: 'true',
    npm_config_version_git_message: 'v%s',
    npm_config_version_git_sign: '',
    npm_config_version_git_tag: 'true',
    npm_config_version_tag_prefix: 'v',
    npm_execpath: 'C:\\Users\\USER\\AppData\\Roaming\\npm\\node_modules\\yarn\\bin\\yarn.js',
    npm_lifecycle_event: 'start',
    npm_lifecycle_script: 'ts-node-dev --respawn --transpile-only src/server.ts',
    npm_node_execpath: 'E:\\Node\\node.exe',
    npm_package_author_name: 'siam',
    npm_package_dependencies_cors: '^2.8.5',
    npm_package_dependencies_dotenv: '^16.0.3',
    npm_package_dependencies_eslint: '^8.41.0',
    npm_package_dependencies_express: '^4.18.2',
    npm_package_dependencies_http_status: '^1.6.2',
    npm_package_dependencies_mongoose: '^7.2.1',
    npm_package_dependencies_winston: '^3.9.0',
    npm_package_dependencies_winston_daily_rotate_file: '^4.7.1',
    npm_package_dependencies_zod: '^3.21.4',
    npm_package_dependencies__typescript_eslint_eslint_plugin: '^5.59.8',
    npm_package_dependencies__typescript_eslint_parser: '^5.59.8',
    npm_package_description: '',
    npm_package_devDependencies_eslint_config_prettier: '^8.8.0',
    npm_package_devDependencies_husky: '^8.0.3',
    npm_package_devDependencies_lint_staged: '^13.2.2',
    npm_package_devDependencies_prettier: '^2.8.8',
    npm_package_devDependencies_ts_node_dev: '^2.0.0',
    npm_package_devDependencies_typescript: '^5.0.4',
    npm_package_devDependencies__types_cors: '^2.8.13',
    npm_package_devDependencies__types_express: '^4.17.17',
    npm_package_license: 'ISC',
    npm_package_lint_staged_src______ts: 'yarn lint-prettier',
    npm_package_main: 'src/server.ts',
    npm_package_name: 'university-management-auth-service',
    npm_package_scripts_lint_check: 'eslint --ignore-path .eslintignore --ext .js,.ts .',
    npm_package_scripts_lint_fix: 'eslint . --fix',
    npm_package_scripts_lint_prettier: 'yarn lint:check && yarn prettier:check',
    npm_package_scripts_prettier_check: 'prettier --ignore-path .gitignore --write "**/*.+(js|ts|json)"',
    npm_package_scripts_prettier_fix: 'prettier --write .',
    npm_package_scripts_start: 'ts-node-dev --respawn --transpile-only src/server.ts',
    npm_package_scripts_test: 'echo "Error: no test specified" && exit 1',
    npm_package_version: '1.0.0',
    NUMBER_OF_PROCESSORS: '6',
    OneDrive: 'C:\\Users\\USER\\OneDrive',
    ORIGINAL_XDG_CURRENT_DESKTOP: 'undefined',
    OS: 'Windows_NT',
    PATH: 'C:\\Users\\USER\\AppData\\Local\\Temp\\yarn--1693636523891-0.09251425859805162;D:\\Next-Level-PH\\Milestone_3\\university-management-auth-service\\node_modules\\.bin;C:\\Users\\USER\\AppData\\Local\\Yarn\\Data\\link\\node_modules\\.bin;C:\\Users\\USER\\AppData\\Local\\Yarn\\bin;E:\\libexec\\lib\\node_modules\\npm\\bin\\node-gyp-bin;E:\\lib\\node_modules\\npm\\bin\\node-gyp-bin;E:\\Node\\node_modules\\npm\\bin\\node-gyp-bin;E:\\Git Scm\\Git\\mingw64\\bin;E:\\Git Scm\\Git\\usr\\bin;C:\\Users\\USER\\bin;E:\\VMware\\bin;C:\\Python39\\Scripts;C:\\Python39;C:\\Windows\\system32;C:\\Windows;C:\\Windows\\System32\\Wbem;C:\\Windows\\System32\\WindowsPowerShell\\v1.0;C:\\Windows\\System32\\OpenSSH;C:\\ProgramData\\chocolatey\\bin;C:\\Program Files\\Wolfram Research\\WolframScript;E:\\Git Scm\\Git\\cmd;E:\\Matlab\\bin;C:\\Program Files\\Docker\\Docker\\resources\\bin;E:\\Node;C:\\Program Files\\MongoDB\\Server\\6.0\\bin;C:\\Users\\USER\\AppData\\Local\\Microsoft\\WindowsApps;C:\\Program Files (x86)\\CodeBlocks\\MinGW\\bin;C:\\Program Files\\CodeBlocks\\MinGW\\bin;C:\\Users\\USER\\AppData\\Local\\atom\\bin;E:\\VSC\\Microsoft VS Code\\bin;C:\\Users\\USER\\AppData\\Local\\GitHubDesktop\\bin;E:\\Heroku\\bin;C:\\Users\\USER\\AppData\\Roaming\\npm',
    PATHEXT: '.COM;.EXE;.BAT;.CMD;.VBS;.VBE;.JSE;.WSF;.WSH;.MSC;.PY;.PYW',
    PLINK_PROTOCOL: 'ssh',
    PORT: '5000',
    PROCESSOR_ARCHITECTURE: 'AMD64',
    PROCESSOR_IDENTIFIER: 'AMD64 Family 23 Model 113 Stepping 0, AuthenticAMD',
    PROCESSOR_LEVEL: '23',
    PROCESSOR_REVISION: '7100',
    ProgramData: 'C:\\ProgramData',
    PROGRAMFILES: 'C:\\Program Files',
    'ProgramFiles(x86)': 'C:\\Program Files (x86)',
    ProgramW6432: 'C:\\Program Files',
    PROMPT: '$P$G',
    PSModulePath: 'C:\\Program Files\\WindowsPowerShell\\Modules;C:\\Windows\\system32\\WindowsPowerShell\\v1.0\\Modules',
    PUBLIC: 'C:\\Users\\Public',
    PWD: 'D:/Next-Level-PH/Milestone_3/university-management-auth-service',
    SESSIONNAME: 'Console',
    SHLVL: '2',
    SYSTEMDRIVE: 'C:',
    SYSTEMROOT: 'C:\\Windows',
    TEMP: 'C:\\Users\\USER\\AppData\\Local\\Temp',
    TERM: 'xterm-256color',
    TERM_PROGRAM: 'vscode',
    TERM_PROGRAM_VERSION: '1.70.1',
    TMP: 'C:\\Users\\USER\\AppData\\Local\\Temp',
    TS_NODE_DEV: 'true',
    USERDOMAIN: 'DESKTOP-42FFPT6',
    USERDOMAIN_ROAMINGPROFILE: 'DESKTOP-42FFPT6',
    USERNAME: 'USER',
    USERPROFILE: 'C:\\Users\\USER',
    VBOX_HWVIRTEX_IGNORE_SVM_IN_USE: '1',
    VSCODE_GIT_ASKPASS_EXTRA_ARGS: '--ms-enable-electron-run-as-node',
    VSCODE_GIT_ASKPASS_MAIN: 'e:\\VSC\\Microsoft VS Code\\resources\\app\\extensions\\git\\dist\\askpass-main.js',
    VSCODE_GIT_ASKPASS_NODE: 'E:\\VSC\\Microsoft VS Code\\Code.exe',
    VSCODE_GIT_IPC_HANDLE: '\\\\.\\pipe\\vscode-git-7cb067e61b-sock',
    WINDIR: 'C:\\Windows',
    YARN_WRAP_OUTPUT: 'false',
    _: 'E:/Node/node'
  },
  level: 'info',
  label: 'PH',
  timestamp: '2023-09-02T07:21:26.022Z'
}
{
  message: 'Database connected',
  level: 'info',
  label: 'PH',
  timestamp: '2023-09-02T07:21:30.494Z'
}
{
  message: 'Application listening on port 5000',
  level: 'info',
  label: 'PH',
  timestamp: '2023-09-02T07:21:30.500Z'
}
